[2023-08-24T02:58:25.026+0000] {manager.py:487} INFO - Processing files using up to 2 processes at a time 
[2023-08-24T02:58:25.027+0000] {manager.py:488} INFO - Process each file at most once every 30 seconds
[2023-08-24T02:58:25.027+0000] {manager.py:490} INFO - Checking for new files in /opt/airflow/dags every 300 seconds
[2023-08-24T02:58:25.028+0000] {manager.py:758} INFO - Searching for files in /opt/airflow/dags
[2023-08-24T02:58:25.032+0000] {manager.py:761} INFO - There are 3 files in /opt/airflow/dags
[2023-08-24T02:58:29.846+0000] {manager.py:889} INFO - 
================================================================================
DAG File Processing Stats

File Path                                   PID  Runtime      # DAGs    # Errors  Last Runtime    Last Run
----------------------------------------  -----  ---------  --------  ----------  --------------  ----------
/opt/airflow/dags/gcs_to_bq_dag.py          169  0.16s             0           0
/opt/airflow/dags/src_to_gcs_dag.py         172  0.05s             0           0
/opt/airflow/dags/src_to_postgres_dag.py                           0           0
================================================================================
[2023-08-24T02:58:59.922+0000] {manager.py:889} INFO - 
================================================================================
DAG File Processing Stats

File Path                                 PID    Runtime      # DAGs    # Errors  Last Runtime    Last Run
----------------------------------------  -----  ---------  --------  ----------  --------------  -------------------
/opt/airflow/dags/gcs_to_bq_dag.py                                 1           0  0.69s           2023-08-24T02:58:30
/opt/airflow/dags/src_to_gcs_dag.py                                1           0  0.68s           2023-08-24T02:58:30
/opt/airflow/dags/src_to_postgres_dag.py                           1           0  0.42s           2023-08-24T02:58:30
================================================================================
[2023-08-24T02:59:30.086+0000] {manager.py:889} INFO - 
================================================================================
DAG File Processing Stats

File Path                                 PID    Runtime      # DAGs    # Errors  Last Runtime    Last Run
----------------------------------------  -----  ---------  --------  ----------  --------------  -------------------
/opt/airflow/dags/gcs_to_bq_dag.py                                 1           0  0.26s           2023-08-24T02:59:00
/opt/airflow/dags/src_to_gcs_dag.py                                1           0  0.28s           2023-08-24T02:59:00
/opt/airflow/dags/src_to_postgres_dag.py                           1           0  0.19s           2023-08-24T02:59:01
================================================================================
[2023-08-24T03:00:00.564+0000] {manager.py:889} INFO - 
================================================================================
DAG File Processing Stats

File Path                                 PID    Runtime      # DAGs    # Errors  Last Runtime    Last Run
----------------------------------------  -----  ---------  --------  ----------  --------------  -------------------
/opt/airflow/dags/gcs_to_bq_dag.py                                 1           0  0.26s           2023-08-24T02:59:31
/opt/airflow/dags/src_to_gcs_dag.py                                1           0  0.30s           2023-08-24T02:59:31
/opt/airflow/dags/src_to_postgres_dag.py                           1           0  0.23s           2023-08-24T02:59:31
================================================================================
[2023-08-24T03:00:30.980+0000] {manager.py:889} INFO - 
================================================================================
DAG File Processing Stats

File Path                                 PID    Runtime      # DAGs    # Errors  Last Runtime    Last Run
----------------------------------------  -----  ---------  --------  ----------  --------------  -------------------
/opt/airflow/dags/gcs_to_bq_dag.py                                 1           0  0.21s           2023-08-24T03:00:01
/opt/airflow/dags/src_to_gcs_dag.py                                1           0  0.23s           2023-08-24T03:00:01
/opt/airflow/dags/src_to_postgres_dag.py                           1           0  0.20s           2023-08-24T03:00:01
================================================================================
[2023-08-24T03:01:01.477+0000] {manager.py:889} INFO - 
================================================================================
DAG File Processing Stats

File Path                                 PID    Runtime      # DAGs    # Errors  Last Runtime    Last Run
----------------------------------------  -----  ---------  --------  ----------  --------------  -------------------
/opt/airflow/dags/gcs_to_bq_dag.py                                 1           0  0.29s           2023-08-24T03:00:32
/opt/airflow/dags/src_to_gcs_dag.py                                1           0  0.32s           2023-08-24T03:00:32
/opt/airflow/dags/src_to_postgres_dag.py                           1           0  0.20s           2023-08-24T03:00:32
================================================================================
[2023-08-24T03:01:31.960+0000] {manager.py:889} INFO - 
================================================================================
DAG File Processing Stats

File Path                                 PID    Runtime      # DAGs    # Errors  Last Runtime    Last Run
----------------------------------------  -----  ---------  --------  ----------  --------------  -------------------
/opt/airflow/dags/gcs_to_bq_dag.py                                 1           0  0.26s           2023-08-24T03:01:02
/opt/airflow/dags/src_to_gcs_dag.py                                1           0  0.28s           2023-08-24T03:01:02
/opt/airflow/dags/src_to_postgres_dag.py                           1           0  0.20s           2023-08-24T03:01:02
================================================================================
[2023-08-24T03:02:02.416+0000] {manager.py:889} INFO - 
================================================================================
DAG File Processing Stats

File Path                                 PID    Runtime      # DAGs    # Errors  Last Runtime    Last Run
----------------------------------------  -----  ---------  --------  ----------  --------------  -------------------
/opt/airflow/dags/gcs_to_bq_dag.py                                 1           0  0.25s           2023-08-24T03:01:33
/opt/airflow/dags/src_to_gcs_dag.py                                1           0  0.28s           2023-08-24T03:01:33
/opt/airflow/dags/src_to_postgres_dag.py                           1           0  0.20s           2023-08-24T03:01:33
================================================================================
[2023-08-24T03:02:32.945+0000] {manager.py:889} INFO - 
================================================================================
DAG File Processing Stats

File Path                                 PID    Runtime      # DAGs    # Errors  Last Runtime    Last Run
----------------------------------------  -----  ---------  --------  ----------  --------------  -------------------
/opt/airflow/dags/gcs_to_bq_dag.py                                 1           0  0.27s           2023-08-24T03:02:03
/opt/airflow/dags/src_to_gcs_dag.py                                1           0  0.28s           2023-08-24T03:02:03
/opt/airflow/dags/src_to_postgres_dag.py                           1           0  0.22s           2023-08-24T03:02:03
================================================================================
[2023-08-24T03:03:03.186+0000] {manager.py:889} INFO - 
================================================================================
DAG File Processing Stats

File Path                                 PID    Runtime      # DAGs    # Errors  Last Runtime    Last Run
----------------------------------------  -----  ---------  --------  ----------  --------------  -------------------
/opt/airflow/dags/gcs_to_bq_dag.py                                 1           0  0.72s           2023-08-24T03:02:34
/opt/airflow/dags/src_to_gcs_dag.py                                1           0  0.66s           2023-08-24T03:02:34
/opt/airflow/dags/src_to_postgres_dag.py                           1           0  0.39s           2023-08-24T03:02:35
================================================================================
[2023-08-24T03:03:25.256+0000] {manager.py:758} INFO - Searching for files in /opt/airflow/dags
[2023-08-24T03:03:25.261+0000] {manager.py:761} INFO - There are 3 files in /opt/airflow/dags
[2023-08-24T03:03:33.320+0000] {manager.py:889} INFO - 
================================================================================
DAG File Processing Stats

File Path                                 PID    Runtime      # DAGs    # Errors  Last Runtime    Last Run
----------------------------------------  -----  ---------  --------  ----------  --------------  -------------------
/opt/airflow/dags/gcs_to_bq_dag.py                                 1           0  0.25s           2023-08-24T03:03:05
/opt/airflow/dags/src_to_gcs_dag.py                                1           0  0.29s           2023-08-24T03:03:05
/opt/airflow/dags/src_to_postgres_dag.py                           1           0  0.19s           2023-08-24T03:03:05
================================================================================
[2023-08-24T03:04:03.774+0000] {manager.py:889} INFO - 
================================================================================
DAG File Processing Stats

File Path                                 PID    Runtime      # DAGs    # Errors  Last Runtime    Last Run
----------------------------------------  -----  ---------  --------  ----------  --------------  -------------------
/opt/airflow/dags/gcs_to_bq_dag.py                                 1           0  0.23s           2023-08-24T03:03:35
/opt/airflow/dags/src_to_gcs_dag.py                                1           0  0.27s           2023-08-24T03:03:35
/opt/airflow/dags/src_to_postgres_dag.py                           1           0  0.20s           2023-08-24T03:03:35
================================================================================
[2023-08-24T03:04:34.207+0000] {manager.py:889} INFO - 
================================================================================
DAG File Processing Stats

File Path                                 PID    Runtime      # DAGs    # Errors  Last Runtime    Last Run
----------------------------------------  -----  ---------  --------  ----------  --------------  -------------------
/opt/airflow/dags/gcs_to_bq_dag.py                                 1           0  0.27s           2023-08-24T03:04:06
/opt/airflow/dags/src_to_gcs_dag.py                                1           0  0.24s           2023-08-24T03:04:06
/opt/airflow/dags/src_to_postgres_dag.py                           1           0  0.20s           2023-08-24T03:04:06
================================================================================
[2023-08-24T03:05:04.638+0000] {manager.py:889} INFO - 
================================================================================
DAG File Processing Stats

File Path                                 PID    Runtime      # DAGs    # Errors  Last Runtime    Last Run
----------------------------------------  -----  ---------  --------  ----------  --------------  -------------------
/opt/airflow/dags/gcs_to_bq_dag.py                                 1           0  0.24s           2023-08-24T03:04:36
/opt/airflow/dags/src_to_gcs_dag.py                                1           0  0.25s           2023-08-24T03:04:36
/opt/airflow/dags/src_to_postgres_dag.py                           1           0  0.19s           2023-08-24T03:04:36
================================================================================
[2023-08-24T03:05:19.056+0000] {manager.py:1134} WARNING - Skipping processing of missing file: /opt/airflow/dags/gcs_to_bq_dag.py
[2023-08-24T03:05:27.203+0000] {manager.py:1134} WARNING - Skipping processing of missing file: /opt/airflow/dags/src_to_postgres_dag.py
[2023-08-24T03:05:33.133+0000] {manager.py:1134} WARNING - Skipping processing of missing file: /opt/airflow/dags/src_to_gcs_dag.py
[2023-08-24T03:08:26.030+0000] {manager.py:758} INFO - Searching for files in /opt/airflow/dags
[2023-08-24T03:08:26.031+0000] {manager.py:761} INFO - There are 0 files in /opt/airflow/dags
[2023-08-24T03:13:26.663+0000] {manager.py:758} INFO - Searching for files in /opt/airflow/dags
[2023-08-24T03:13:26.664+0000] {manager.py:761} INFO - There are 0 files in /opt/airflow/dags
[2023-08-24T03:18:27.214+0000] {manager.py:758} INFO - Searching for files in /opt/airflow/dags
[2023-08-24T03:18:27.215+0000] {manager.py:761} INFO - There are 0 files in /opt/airflow/dags
[2023-08-24T03:23:27.773+0000] {manager.py:758} INFO - Searching for files in /opt/airflow/dags
[2023-08-24T03:23:27.774+0000] {manager.py:761} INFO - There are 0 files in /opt/airflow/dags
[2023-08-24T03:28:28.358+0000] {manager.py:758} INFO - Searching for files in /opt/airflow/dags
[2023-08-24T03:28:28.359+0000] {manager.py:761} INFO - There are 0 files in /opt/airflow/dags
[2023-08-24T03:33:28.932+0000] {manager.py:758} INFO - Searching for files in /opt/airflow/dags
[2023-08-24T03:33:28.935+0000] {manager.py:761} INFO - There are 0 files in /opt/airflow/dags
[2023-08-24T03:38:29.508+0000] {manager.py:758} INFO - Searching for files in /opt/airflow/dags
[2023-08-24T03:38:29.509+0000] {manager.py:761} INFO - There are 0 files in /opt/airflow/dags
[2023-08-24T03:43:30.060+0000] {manager.py:758} INFO - Searching for files in /opt/airflow/dags
[2023-08-24T03:43:30.061+0000] {manager.py:761} INFO - There are 0 files in /opt/airflow/dags
[2023-08-24T03:48:30.618+0000] {manager.py:758} INFO - Searching for files in /opt/airflow/dags
[2023-08-24T03:48:30.619+0000] {manager.py:761} INFO - There are 0 files in /opt/airflow/dags
[2023-08-24T03:53:31.163+0000] {manager.py:758} INFO - Searching for files in /opt/airflow/dags
[2023-08-24T03:53:31.163+0000] {manager.py:761} INFO - There are 0 files in /opt/airflow/dags
[2023-08-24T03:58:31.709+0000] {manager.py:758} INFO - Searching for files in /opt/airflow/dags
[2023-08-24T03:58:31.710+0000] {manager.py:761} INFO - There are 0 files in /opt/airflow/dags
[2023-08-24T04:03:32.274+0000] {manager.py:758} INFO - Searching for files in /opt/airflow/dags
[2023-08-24T04:03:32.275+0000] {manager.py:761} INFO - There are 0 files in /opt/airflow/dags
[2023-08-24T04:08:32.821+0000] {manager.py:758} INFO - Searching for files in /opt/airflow/dags
[2023-08-24T04:08:32.822+0000] {manager.py:761} INFO - There are 0 files in /opt/airflow/dags
[2023-08-24T04:13:33.372+0000] {manager.py:758} INFO - Searching for files in /opt/airflow/dags
[2023-08-24T04:13:33.373+0000] {manager.py:761} INFO - There are 0 files in /opt/airflow/dags
[2023-08-24T04:18:33.912+0000] {manager.py:758} INFO - Searching for files in /opt/airflow/dags
[2023-08-24T04:18:33.912+0000] {manager.py:761} INFO - There are 0 files in /opt/airflow/dags
[2023-08-24T04:23:34.462+0000] {manager.py:758} INFO - Searching for files in /opt/airflow/dags
[2023-08-24T04:23:34.463+0000] {manager.py:761} INFO - There are 0 files in /opt/airflow/dags
[2023-08-24T04:28:35.021+0000] {manager.py:758} INFO - Searching for files in /opt/airflow/dags
[2023-08-24T04:28:35.022+0000] {manager.py:761} INFO - There are 0 files in /opt/airflow/dags
[2023-08-24T04:33:35.587+0000] {manager.py:758} INFO - Searching for files in /opt/airflow/dags
[2023-08-24T04:33:35.588+0000] {manager.py:761} INFO - There are 0 files in /opt/airflow/dags
[2023-08-24T04:36:00.557+0000] {manager.py:470} INFO - Exiting gracefully upon receiving signal 15
