[2023-08-24T02:58:29.714+0000] {processor.py:157} INFO - Started process (PID=169) to work on /opt/airflow/dags/gcs_to_bq_dag.py
[2023-08-24T02:58:29.716+0000] {processor.py:826} INFO - Processing file /opt/airflow/dags/gcs_to_bq_dag.py for tasks to queue
[2023-08-24T02:58:29.722+0000] {logging_mixin.py:150} INFO - [2023-08-24T02:58:29.721+0000] {dagbag.py:541} INFO - Filling up the DagBag from /opt/airflow/dags/gcs_to_bq_dag.py
[2023-08-24T02:58:29.755+0000] {processor.py:836} INFO - DAG(s) dict_keys(['gcs_to_bq_dag2']) retrieved from /opt/airflow/dags/gcs_to_bq_dag.py
[2023-08-24T02:58:30.161+0000] {logging_mixin.py:150} INFO - [2023-08-24T02:58:30.161+0000] {manager.py:504} INFO - Created Permission View: can read on DAG:gcs_to_bq_dag2
[2023-08-24T02:58:30.190+0000] {logging_mixin.py:150} INFO - [2023-08-24T02:58:30.189+0000] {manager.py:504} INFO - Created Permission View: can delete on DAG:gcs_to_bq_dag2
[2023-08-24T02:58:30.204+0000] {logging_mixin.py:150} INFO - [2023-08-24T02:58:30.204+0000] {manager.py:504} INFO - Created Permission View: can edit on DAG:gcs_to_bq_dag2
[2023-08-24T02:58:30.241+0000] {logging_mixin.py:150} INFO - [2023-08-24T02:58:30.240+0000] {dag.py:2742} INFO - Sync 1 DAGs
[2023-08-24T02:58:30.276+0000] {logging_mixin.py:150} INFO - [2023-08-24T02:58:30.276+0000] {dag.py:2763} INFO - Creating ORM DAG for gcs_to_bq_dag2
[2023-08-24T02:58:30.305+0000] {logging_mixin.py:150} INFO - [2023-08-24T02:58:30.304+0000] {dag.py:3508} INFO - Setting next_dagrun for gcs_to_bq_dag2 to 2023-08-23T02:58:30.304079+00:00, run_after=2023-08-24T02:58:30.304079+00:00
[2023-08-24T02:58:30.351+0000] {processor.py:179} INFO - Processing /opt/airflow/dags/gcs_to_bq_dag.py took 0.647 seconds
[2023-08-24T02:59:00.655+0000] {processor.py:157} INFO - Started process (PID=191) to work on /opt/airflow/dags/gcs_to_bq_dag.py
[2023-08-24T02:59:00.657+0000] {processor.py:826} INFO - Processing file /opt/airflow/dags/gcs_to_bq_dag.py for tasks to queue
[2023-08-24T02:59:00.662+0000] {logging_mixin.py:150} INFO - [2023-08-24T02:59:00.662+0000] {dagbag.py:541} INFO - Filling up the DagBag from /opt/airflow/dags/gcs_to_bq_dag.py
[2023-08-24T02:59:00.693+0000] {processor.py:836} INFO - DAG(s) dict_keys(['gcs_to_bq_dag2']) retrieved from /opt/airflow/dags/gcs_to_bq_dag.py
[2023-08-24T02:59:00.757+0000] {logging_mixin.py:150} INFO - [2023-08-24T02:59:00.756+0000] {dag.py:2742} INFO - Sync 1 DAGs
[2023-08-24T02:59:00.829+0000] {logging_mixin.py:150} INFO - [2023-08-24T02:59:00.828+0000] {dag.py:3508} INFO - Setting next_dagrun for gcs_to_bq_dag2 to 2023-08-23T02:59:00.828041+00:00, run_after=2023-08-24T02:59:00.828041+00:00
[2023-08-24T02:59:00.874+0000] {processor.py:179} INFO - Processing /opt/airflow/dags/gcs_to_bq_dag.py took 0.227 seconds
[2023-08-24T02:59:31.118+0000] {processor.py:157} INFO - Started process (PID=213) to work on /opt/airflow/dags/gcs_to_bq_dag.py
[2023-08-24T02:59:31.131+0000] {processor.py:826} INFO - Processing file /opt/airflow/dags/gcs_to_bq_dag.py for tasks to queue
[2023-08-24T02:59:31.135+0000] {logging_mixin.py:150} INFO - [2023-08-24T02:59:31.134+0000] {dagbag.py:541} INFO - Filling up the DagBag from /opt/airflow/dags/gcs_to_bq_dag.py
[2023-08-24T02:59:31.152+0000] {processor.py:836} INFO - DAG(s) dict_keys(['gcs_to_bq_dag2']) retrieved from /opt/airflow/dags/gcs_to_bq_dag.py
[2023-08-24T02:59:31.201+0000] {logging_mixin.py:150} INFO - [2023-08-24T02:59:31.200+0000] {dag.py:2742} INFO - Sync 1 DAGs
[2023-08-24T02:59:31.279+0000] {logging_mixin.py:150} INFO - [2023-08-24T02:59:31.278+0000] {dag.py:3508} INFO - Setting next_dagrun for gcs_to_bq_dag2 to 2023-08-23T02:59:31.278119+00:00, run_after=2023-08-24T02:59:31.278119+00:00
[2023-08-24T02:59:31.329+0000] {processor.py:179} INFO - Processing /opt/airflow/dags/gcs_to_bq_dag.py took 0.220 seconds
[2023-08-24T03:00:01.593+0000] {processor.py:157} INFO - Started process (PID=234) to work on /opt/airflow/dags/gcs_to_bq_dag.py
[2023-08-24T03:00:01.600+0000] {processor.py:826} INFO - Processing file /opt/airflow/dags/gcs_to_bq_dag.py for tasks to queue
[2023-08-24T03:00:01.604+0000] {logging_mixin.py:150} INFO - [2023-08-24T03:00:01.604+0000] {dagbag.py:541} INFO - Filling up the DagBag from /opt/airflow/dags/gcs_to_bq_dag.py
[2023-08-24T03:00:01.624+0000] {processor.py:836} INFO - DAG(s) dict_keys(['gcs_to_bq_dag2']) retrieved from /opt/airflow/dags/gcs_to_bq_dag.py
[2023-08-24T03:00:01.676+0000] {logging_mixin.py:150} INFO - [2023-08-24T03:00:01.675+0000] {dag.py:2742} INFO - Sync 1 DAGs
[2023-08-24T03:00:01.725+0000] {logging_mixin.py:150} INFO - [2023-08-24T03:00:01.725+0000] {dag.py:3508} INFO - Setting next_dagrun for gcs_to_bq_dag2 to 2023-08-23T03:00:01.724927+00:00, run_after=2023-08-24T03:00:01.724927+00:00
[2023-08-24T03:00:01.764+0000] {processor.py:179} INFO - Processing /opt/airflow/dags/gcs_to_bq_dag.py took 0.178 seconds
[2023-08-24T03:00:32.010+0000] {processor.py:157} INFO - Started process (PID=256) to work on /opt/airflow/dags/gcs_to_bq_dag.py
[2023-08-24T03:00:32.053+0000] {processor.py:826} INFO - Processing file /opt/airflow/dags/gcs_to_bq_dag.py for tasks to queue
[2023-08-24T03:00:32.057+0000] {logging_mixin.py:150} INFO - [2023-08-24T03:00:32.057+0000] {dagbag.py:541} INFO - Filling up the DagBag from /opt/airflow/dags/gcs_to_bq_dag.py
[2023-08-24T03:00:32.076+0000] {processor.py:836} INFO - DAG(s) dict_keys(['gcs_to_bq_dag2']) retrieved from /opt/airflow/dags/gcs_to_bq_dag.py
[2023-08-24T03:00:32.149+0000] {logging_mixin.py:150} INFO - [2023-08-24T03:00:32.148+0000] {dag.py:2742} INFO - Sync 1 DAGs
[2023-08-24T03:00:32.208+0000] {logging_mixin.py:150} INFO - [2023-08-24T03:00:32.207+0000] {dag.py:3508} INFO - Setting next_dagrun for gcs_to_bq_dag2 to 2023-08-23T03:00:32.207190+00:00, run_after=2023-08-24T03:00:32.207190+00:00
[2023-08-24T03:00:32.251+0000] {processor.py:179} INFO - Processing /opt/airflow/dags/gcs_to_bq_dag.py took 0.249 seconds
[2023-08-24T03:01:02.505+0000] {processor.py:157} INFO - Started process (PID=278) to work on /opt/airflow/dags/gcs_to_bq_dag.py
[2023-08-24T03:01:02.543+0000] {processor.py:826} INFO - Processing file /opt/airflow/dags/gcs_to_bq_dag.py for tasks to queue
[2023-08-24T03:01:02.548+0000] {logging_mixin.py:150} INFO - [2023-08-24T03:01:02.548+0000] {dagbag.py:541} INFO - Filling up the DagBag from /opt/airflow/dags/gcs_to_bq_dag.py
[2023-08-24T03:01:02.574+0000] {processor.py:836} INFO - DAG(s) dict_keys(['gcs_to_bq_dag2']) retrieved from /opt/airflow/dags/gcs_to_bq_dag.py
[2023-08-24T03:01:02.638+0000] {logging_mixin.py:150} INFO - [2023-08-24T03:01:02.637+0000] {dag.py:2742} INFO - Sync 1 DAGs
[2023-08-24T03:01:02.699+0000] {logging_mixin.py:150} INFO - [2023-08-24T03:01:02.698+0000] {dag.py:3508} INFO - Setting next_dagrun for gcs_to_bq_dag2 to 2023-08-23T03:01:02.698159+00:00, run_after=2023-08-24T03:01:02.698159+00:00
[2023-08-24T03:01:02.732+0000] {processor.py:179} INFO - Processing /opt/airflow/dags/gcs_to_bq_dag.py took 0.233 seconds
[2023-08-24T03:01:32.992+0000] {processor.py:157} INFO - Started process (PID=300) to work on /opt/airflow/dags/gcs_to_bq_dag.py
[2023-08-24T03:01:33.024+0000] {processor.py:826} INFO - Processing file /opt/airflow/dags/gcs_to_bq_dag.py for tasks to queue
[2023-08-24T03:01:33.029+0000] {logging_mixin.py:150} INFO - [2023-08-24T03:01:33.028+0000] {dagbag.py:541} INFO - Filling up the DagBag from /opt/airflow/dags/gcs_to_bq_dag.py
[2023-08-24T03:01:33.056+0000] {processor.py:836} INFO - DAG(s) dict_keys(['gcs_to_bq_dag2']) retrieved from /opt/airflow/dags/gcs_to_bq_dag.py
[2023-08-24T03:01:33.119+0000] {logging_mixin.py:150} INFO - [2023-08-24T03:01:33.118+0000] {dag.py:2742} INFO - Sync 1 DAGs
[2023-08-24T03:01:33.170+0000] {logging_mixin.py:150} INFO - [2023-08-24T03:01:33.169+0000] {dag.py:3508} INFO - Setting next_dagrun for gcs_to_bq_dag2 to 2023-08-23T03:01:33.169452+00:00, run_after=2023-08-24T03:01:33.169452+00:00
[2023-08-24T03:01:33.199+0000] {processor.py:179} INFO - Processing /opt/airflow/dags/gcs_to_bq_dag.py took 0.214 seconds
[2023-08-24T03:02:03.445+0000] {processor.py:157} INFO - Started process (PID=322) to work on /opt/airflow/dags/gcs_to_bq_dag.py
[2023-08-24T03:02:03.466+0000] {processor.py:826} INFO - Processing file /opt/airflow/dags/gcs_to_bq_dag.py for tasks to queue
[2023-08-24T03:02:03.470+0000] {logging_mixin.py:150} INFO - [2023-08-24T03:02:03.469+0000] {dagbag.py:541} INFO - Filling up the DagBag from /opt/airflow/dags/gcs_to_bq_dag.py
[2023-08-24T03:02:03.488+0000] {processor.py:836} INFO - DAG(s) dict_keys(['gcs_to_bq_dag2']) retrieved from /opt/airflow/dags/gcs_to_bq_dag.py
[2023-08-24T03:02:03.563+0000] {logging_mixin.py:150} INFO - [2023-08-24T03:02:03.561+0000] {dag.py:2742} INFO - Sync 1 DAGs
[2023-08-24T03:02:03.631+0000] {logging_mixin.py:150} INFO - [2023-08-24T03:02:03.631+0000] {dag.py:3508} INFO - Setting next_dagrun for gcs_to_bq_dag2 to 2023-08-23T03:02:03.630838+00:00, run_after=2023-08-24T03:02:03.630838+00:00
[2023-08-24T03:02:03.677+0000] {processor.py:179} INFO - Processing /opt/airflow/dags/gcs_to_bq_dag.py took 0.239 seconds
[2023-08-24T03:02:34.006+0000] {processor.py:157} INFO - Started process (PID=344) to work on /opt/airflow/dags/gcs_to_bq_dag.py
[2023-08-24T03:02:34.011+0000] {processor.py:826} INFO - Processing file /opt/airflow/dags/gcs_to_bq_dag.py for tasks to queue
[2023-08-24T03:02:34.019+0000] {logging_mixin.py:150} INFO - [2023-08-24T03:02:34.018+0000] {dagbag.py:541} INFO - Filling up the DagBag from /opt/airflow/dags/gcs_to_bq_dag.py
[2023-08-24T03:02:34.085+0000] {processor.py:836} INFO - DAG(s) dict_keys(['gcs_to_bq_dag2']) retrieved from /opt/airflow/dags/gcs_to_bq_dag.py
[2023-08-24T03:02:34.336+0000] {logging_mixin.py:150} INFO - [2023-08-24T03:02:34.334+0000] {dag.py:2742} INFO - Sync 1 DAGs
[2023-08-24T03:02:34.496+0000] {logging_mixin.py:150} INFO - [2023-08-24T03:02:34.495+0000] {dag.py:3508} INFO - Setting next_dagrun for gcs_to_bq_dag2 to 2023-08-23T03:02:34.493633+00:00, run_after=2023-08-24T03:02:34.493633+00:00
[2023-08-24T03:02:34.606+0000] {processor.py:179} INFO - Processing /opt/airflow/dags/gcs_to_bq_dag.py took 0.615 seconds
[2023-08-24T03:03:04.864+0000] {processor.py:157} INFO - Started process (PID=367) to work on /opt/airflow/dags/gcs_to_bq_dag.py
[2023-08-24T03:03:04.867+0000] {processor.py:826} INFO - Processing file /opt/airflow/dags/gcs_to_bq_dag.py for tasks to queue
[2023-08-24T03:03:04.871+0000] {logging_mixin.py:150} INFO - [2023-08-24T03:03:04.871+0000] {dagbag.py:541} INFO - Filling up the DagBag from /opt/airflow/dags/gcs_to_bq_dag.py
[2023-08-24T03:03:04.896+0000] {processor.py:836} INFO - DAG(s) dict_keys(['gcs_to_bq_dag2']) retrieved from /opt/airflow/dags/gcs_to_bq_dag.py
[2023-08-24T03:03:04.968+0000] {logging_mixin.py:150} INFO - [2023-08-24T03:03:04.967+0000] {dag.py:2742} INFO - Sync 1 DAGs
[2023-08-24T03:03:05.035+0000] {logging_mixin.py:150} INFO - [2023-08-24T03:03:05.034+0000] {dag.py:3508} INFO - Setting next_dagrun for gcs_to_bq_dag2 to 2023-08-23T03:03:05.034140+00:00, run_after=2023-08-24T03:03:05.034140+00:00
[2023-08-24T03:03:05.077+0000] {processor.py:179} INFO - Processing /opt/airflow/dags/gcs_to_bq_dag.py took 0.224 seconds
[2023-08-24T03:03:35.353+0000] {processor.py:157} INFO - Started process (PID=390) to work on /opt/airflow/dags/gcs_to_bq_dag.py
[2023-08-24T03:03:35.354+0000] {processor.py:826} INFO - Processing file /opt/airflow/dags/gcs_to_bq_dag.py for tasks to queue
[2023-08-24T03:03:35.358+0000] {logging_mixin.py:150} INFO - [2023-08-24T03:03:35.357+0000] {dagbag.py:541} INFO - Filling up the DagBag from /opt/airflow/dags/gcs_to_bq_dag.py
[2023-08-24T03:03:35.378+0000] {processor.py:836} INFO - DAG(s) dict_keys(['gcs_to_bq_dag2']) retrieved from /opt/airflow/dags/gcs_to_bq_dag.py
[2023-08-24T03:03:35.443+0000] {logging_mixin.py:150} INFO - [2023-08-24T03:03:35.442+0000] {dag.py:2742} INFO - Sync 1 DAGs
[2023-08-24T03:03:35.510+0000] {logging_mixin.py:150} INFO - [2023-08-24T03:03:35.509+0000] {dag.py:3508} INFO - Setting next_dagrun for gcs_to_bq_dag2 to 2023-08-23T03:03:35.508972+00:00, run_after=2023-08-24T03:03:35.508972+00:00
[2023-08-24T03:03:35.546+0000] {processor.py:179} INFO - Processing /opt/airflow/dags/gcs_to_bq_dag.py took 0.200 seconds
[2023-08-24T03:04:05.810+0000] {processor.py:157} INFO - Started process (PID=421) to work on /opt/airflow/dags/gcs_to_bq_dag.py
[2023-08-24T03:04:05.852+0000] {processor.py:826} INFO - Processing file /opt/airflow/dags/gcs_to_bq_dag.py for tasks to queue
[2023-08-24T03:04:05.856+0000] {logging_mixin.py:150} INFO - [2023-08-24T03:04:05.856+0000] {dagbag.py:541} INFO - Filling up the DagBag from /opt/airflow/dags/gcs_to_bq_dag.py
[2023-08-24T03:04:05.875+0000] {processor.py:836} INFO - DAG(s) dict_keys(['gcs_to_bq_dag2']) retrieved from /opt/airflow/dags/gcs_to_bq_dag.py
[2023-08-24T03:04:05.945+0000] {logging_mixin.py:150} INFO - [2023-08-24T03:04:05.944+0000] {dag.py:2742} INFO - Sync 1 DAGs
[2023-08-24T03:04:05.998+0000] {logging_mixin.py:150} INFO - [2023-08-24T03:04:05.997+0000] {dag.py:3508} INFO - Setting next_dagrun for gcs_to_bq_dag2 to 2023-08-23T03:04:05.996911+00:00, run_after=2023-08-24T03:04:05.996911+00:00
[2023-08-24T03:04:06.043+0000] {processor.py:179} INFO - Processing /opt/airflow/dags/gcs_to_bq_dag.py took 0.239 seconds
[2023-08-24T03:04:36.242+0000] {processor.py:157} INFO - Started process (PID=446) to work on /opt/airflow/dags/gcs_to_bq_dag.py
[2023-08-24T03:04:36.278+0000] {processor.py:826} INFO - Processing file /opt/airflow/dags/gcs_to_bq_dag.py for tasks to queue
[2023-08-24T03:04:36.282+0000] {logging_mixin.py:150} INFO - [2023-08-24T03:04:36.282+0000] {dagbag.py:541} INFO - Filling up the DagBag from /opt/airflow/dags/gcs_to_bq_dag.py
[2023-08-24T03:04:36.303+0000] {processor.py:836} INFO - DAG(s) dict_keys(['gcs_to_bq_dag2']) retrieved from /opt/airflow/dags/gcs_to_bq_dag.py
[2023-08-24T03:04:36.356+0000] {logging_mixin.py:150} INFO - [2023-08-24T03:04:36.355+0000] {dag.py:2742} INFO - Sync 1 DAGs
[2023-08-24T03:04:36.404+0000] {logging_mixin.py:150} INFO - [2023-08-24T03:04:36.404+0000] {dag.py:3508} INFO - Setting next_dagrun for gcs_to_bq_dag2 to 2023-08-23T03:04:36.403982+00:00, run_after=2023-08-24T03:04:36.403982+00:00
[2023-08-24T03:04:36.438+0000] {processor.py:179} INFO - Processing /opt/airflow/dags/gcs_to_bq_dag.py took 0.204 seconds
[2023-08-24T03:05:06.672+0000] {processor.py:157} INFO - Started process (PID=472) to work on /opt/airflow/dags/gcs_to_bq_dag.py
[2023-08-24T03:05:06.696+0000] {processor.py:826} INFO - Processing file /opt/airflow/dags/gcs_to_bq_dag.py for tasks to queue
[2023-08-24T03:05:06.700+0000] {logging_mixin.py:150} INFO - [2023-08-24T03:05:06.700+0000] {dagbag.py:541} INFO - Filling up the DagBag from /opt/airflow/dags/gcs_to_bq_dag.py
[2023-08-24T03:05:06.720+0000] {processor.py:836} INFO - DAG(s) dict_keys(['gcs_to_bq_dag2']) retrieved from /opt/airflow/dags/gcs_to_bq_dag.py
[2023-08-24T03:05:06.774+0000] {logging_mixin.py:150} INFO - [2023-08-24T03:05:06.773+0000] {dag.py:2742} INFO - Sync 1 DAGs
[2023-08-24T03:05:06.840+0000] {logging_mixin.py:150} INFO - [2023-08-24T03:05:06.839+0000] {dag.py:3508} INFO - Setting next_dagrun for gcs_to_bq_dag2 to 2023-08-23T03:05:06.839425+00:00, run_after=2023-08-24T03:05:06.839425+00:00
[2023-08-24T03:05:06.878+0000] {processor.py:179} INFO - Processing /opt/airflow/dags/gcs_to_bq_dag.py took 0.212 seconds
