[2023-08-24T02:58:30.402+0000] {processor.py:157} INFO - Started process (PID=177) to work on /opt/airflow/dags/src_to_postgres_dag.py
[2023-08-24T02:58:30.403+0000] {processor.py:826} INFO - Processing file /opt/airflow/dags/src_to_postgres_dag.py for tasks to queue
[2023-08-24T02:58:30.407+0000] {logging_mixin.py:150} INFO - [2023-08-24T02:58:30.407+0000] {dagbag.py:541} INFO - Filling up the DagBag from /opt/airflow/dags/src_to_postgres_dag.py
[2023-08-24T02:58:30.435+0000] {processor.py:836} INFO - DAG(s) dict_keys(['LocalIngestionDag']) retrieved from /opt/airflow/dags/src_to_postgres_dag.py
[2023-08-24T02:58:30.636+0000] {logging_mixin.py:150} INFO - [2023-08-24T02:58:30.635+0000] {manager.py:504} INFO - Created Permission View: can read on DAG:LocalIngestionDag
[2023-08-24T02:58:30.653+0000] {logging_mixin.py:150} INFO - [2023-08-24T02:58:30.653+0000] {manager.py:504} INFO - Created Permission View: can delete on DAG:LocalIngestionDag
[2023-08-24T02:58:30.664+0000] {logging_mixin.py:150} INFO - [2023-08-24T02:58:30.664+0000] {manager.py:504} INFO - Created Permission View: can edit on DAG:LocalIngestionDag
[2023-08-24T02:58:30.700+0000] {logging_mixin.py:150} INFO - [2023-08-24T02:58:30.700+0000] {dag.py:2742} INFO - Sync 1 DAGs
[2023-08-24T02:58:30.728+0000] {logging_mixin.py:150} INFO - [2023-08-24T02:58:30.728+0000] {dag.py:2763} INFO - Creating ORM DAG for LocalIngestionDag
[2023-08-24T02:58:30.748+0000] {logging_mixin.py:150} INFO - [2023-08-24T02:58:30.748+0000] {dag.py:3508} INFO - Setting next_dagrun for LocalIngestionDag to 2022-10-02T06:00:00+00:00, run_after=2022-11-02T06:00:00+00:00
[2023-08-24T02:58:30.781+0000] {processor.py:179} INFO - Processing /opt/airflow/dags/src_to_postgres_dag.py took 0.386 seconds
[2023-08-24T02:59:00.927+0000] {processor.py:157} INFO - Started process (PID=199) to work on /opt/airflow/dags/src_to_postgres_dag.py
[2023-08-24T02:59:00.929+0000] {processor.py:826} INFO - Processing file /opt/airflow/dags/src_to_postgres_dag.py for tasks to queue
[2023-08-24T02:59:00.934+0000] {logging_mixin.py:150} INFO - [2023-08-24T02:59:00.933+0000] {dagbag.py:541} INFO - Filling up the DagBag from /opt/airflow/dags/src_to_postgres_dag.py
[2023-08-24T02:59:00.958+0000] {processor.py:836} INFO - DAG(s) dict_keys(['LocalIngestionDag']) retrieved from /opt/airflow/dags/src_to_postgres_dag.py
[2023-08-24T02:59:01.000+0000] {logging_mixin.py:150} INFO - [2023-08-24T02:59:01.000+0000] {dag.py:2742} INFO - Sync 1 DAGs
[2023-08-24T02:59:01.042+0000] {logging_mixin.py:150} INFO - [2023-08-24T02:59:01.042+0000] {dag.py:3508} INFO - Setting next_dagrun for LocalIngestionDag to 2022-10-02T06:00:00+00:00, run_after=2022-11-02T06:00:00+00:00
[2023-08-24T02:59:01.071+0000] {processor.py:179} INFO - Processing /opt/airflow/dags/src_to_postgres_dag.py took 0.154 seconds
[2023-08-24T02:59:31.391+0000] {processor.py:157} INFO - Started process (PID=221) to work on /opt/airflow/dags/src_to_postgres_dag.py
[2023-08-24T02:59:31.414+0000] {processor.py:826} INFO - Processing file /opt/airflow/dags/src_to_postgres_dag.py for tasks to queue
[2023-08-24T02:59:31.419+0000] {logging_mixin.py:150} INFO - [2023-08-24T02:59:31.418+0000] {dagbag.py:541} INFO - Filling up the DagBag from /opt/airflow/dags/src_to_postgres_dag.py
[2023-08-24T02:59:31.444+0000] {processor.py:836} INFO - DAG(s) dict_keys(['LocalIngestionDag']) retrieved from /opt/airflow/dags/src_to_postgres_dag.py
[2023-08-24T02:59:31.488+0000] {logging_mixin.py:150} INFO - [2023-08-24T02:59:31.488+0000] {dag.py:2742} INFO - Sync 1 DAGs
[2023-08-24T02:59:31.536+0000] {logging_mixin.py:150} INFO - [2023-08-24T02:59:31.535+0000] {dag.py:3508} INFO - Setting next_dagrun for LocalIngestionDag to 2022-10-02T06:00:00+00:00, run_after=2022-11-02T06:00:00+00:00
[2023-08-24T02:59:31.570+0000] {processor.py:179} INFO - Processing /opt/airflow/dags/src_to_postgres_dag.py took 0.188 seconds
[2023-08-24T03:00:01.811+0000] {processor.py:157} INFO - Started process (PID=242) to work on /opt/airflow/dags/src_to_postgres_dag.py
[2023-08-24T03:00:01.813+0000] {processor.py:826} INFO - Processing file /opt/airflow/dags/src_to_postgres_dag.py for tasks to queue
[2023-08-24T03:00:01.819+0000] {logging_mixin.py:150} INFO - [2023-08-24T03:00:01.818+0000] {dagbag.py:541} INFO - Filling up the DagBag from /opt/airflow/dags/src_to_postgres_dag.py
[2023-08-24T03:00:01.843+0000] {processor.py:836} INFO - DAG(s) dict_keys(['LocalIngestionDag']) retrieved from /opt/airflow/dags/src_to_postgres_dag.py
[2023-08-24T03:00:01.887+0000] {logging_mixin.py:150} INFO - [2023-08-24T03:00:01.887+0000] {dag.py:2742} INFO - Sync 1 DAGs
[2023-08-24T03:00:01.935+0000] {logging_mixin.py:150} INFO - [2023-08-24T03:00:01.935+0000] {dag.py:3508} INFO - Setting next_dagrun for LocalIngestionDag to 2022-10-02T06:00:00+00:00, run_after=2022-11-02T06:00:00+00:00
[2023-08-24T03:00:01.966+0000] {processor.py:179} INFO - Processing /opt/airflow/dags/src_to_postgres_dag.py took 0.164 seconds
[2023-08-24T03:00:32.306+0000] {processor.py:157} INFO - Started process (PID=264) to work on /opt/airflow/dags/src_to_postgres_dag.py
[2023-08-24T03:00:32.309+0000] {processor.py:826} INFO - Processing file /opt/airflow/dags/src_to_postgres_dag.py for tasks to queue
[2023-08-24T03:00:32.314+0000] {logging_mixin.py:150} INFO - [2023-08-24T03:00:32.313+0000] {dagbag.py:541} INFO - Filling up the DagBag from /opt/airflow/dags/src_to_postgres_dag.py
[2023-08-24T03:00:32.341+0000] {processor.py:836} INFO - DAG(s) dict_keys(['LocalIngestionDag']) retrieved from /opt/airflow/dags/src_to_postgres_dag.py
[2023-08-24T03:00:32.384+0000] {logging_mixin.py:150} INFO - [2023-08-24T03:00:32.383+0000] {dag.py:2742} INFO - Sync 1 DAGs
[2023-08-24T03:00:32.431+0000] {logging_mixin.py:150} INFO - [2023-08-24T03:00:32.430+0000] {dag.py:3508} INFO - Setting next_dagrun for LocalIngestionDag to 2022-10-02T06:00:00+00:00, run_after=2022-11-02T06:00:00+00:00
[2023-08-24T03:00:32.461+0000] {processor.py:179} INFO - Processing /opt/airflow/dags/src_to_postgres_dag.py took 0.162 seconds
[2023-08-24T03:01:02.779+0000] {processor.py:157} INFO - Started process (PID=286) to work on /opt/airflow/dags/src_to_postgres_dag.py
[2023-08-24T03:01:02.781+0000] {processor.py:826} INFO - Processing file /opt/airflow/dags/src_to_postgres_dag.py for tasks to queue
[2023-08-24T03:01:02.785+0000] {logging_mixin.py:150} INFO - [2023-08-24T03:01:02.785+0000] {dagbag.py:541} INFO - Filling up the DagBag from /opt/airflow/dags/src_to_postgres_dag.py
[2023-08-24T03:01:02.807+0000] {processor.py:836} INFO - DAG(s) dict_keys(['LocalIngestionDag']) retrieved from /opt/airflow/dags/src_to_postgres_dag.py
[2023-08-24T03:01:02.855+0000] {logging_mixin.py:150} INFO - [2023-08-24T03:01:02.855+0000] {dag.py:2742} INFO - Sync 1 DAGs
[2023-08-24T03:01:02.901+0000] {logging_mixin.py:150} INFO - [2023-08-24T03:01:02.900+0000] {dag.py:3508} INFO - Setting next_dagrun for LocalIngestionDag to 2022-10-02T06:00:00+00:00, run_after=2022-11-02T06:00:00+00:00
[2023-08-24T03:01:02.936+0000] {processor.py:179} INFO - Processing /opt/airflow/dags/src_to_postgres_dag.py took 0.164 seconds
[2023-08-24T03:01:33.248+0000] {processor.py:157} INFO - Started process (PID=308) to work on /opt/airflow/dags/src_to_postgres_dag.py
[2023-08-24T03:01:33.251+0000] {processor.py:826} INFO - Processing file /opt/airflow/dags/src_to_postgres_dag.py for tasks to queue
[2023-08-24T03:01:33.257+0000] {logging_mixin.py:150} INFO - [2023-08-24T03:01:33.257+0000] {dagbag.py:541} INFO - Filling up the DagBag from /opt/airflow/dags/src_to_postgres_dag.py
[2023-08-24T03:01:33.286+0000] {processor.py:836} INFO - DAG(s) dict_keys(['LocalIngestionDag']) retrieved from /opt/airflow/dags/src_to_postgres_dag.py
[2023-08-24T03:01:33.329+0000] {logging_mixin.py:150} INFO - [2023-08-24T03:01:33.328+0000] {dag.py:2742} INFO - Sync 1 DAGs
[2023-08-24T03:01:33.373+0000] {logging_mixin.py:150} INFO - [2023-08-24T03:01:33.372+0000] {dag.py:3508} INFO - Setting next_dagrun for LocalIngestionDag to 2022-10-02T06:00:00+00:00, run_after=2022-11-02T06:00:00+00:00
[2023-08-24T03:01:33.404+0000] {processor.py:179} INFO - Processing /opt/airflow/dags/src_to_postgres_dag.py took 0.164 seconds
[2023-08-24T03:02:03.721+0000] {processor.py:157} INFO - Started process (PID=330) to work on /opt/airflow/dags/src_to_postgres_dag.py
[2023-08-24T03:02:03.743+0000] {processor.py:826} INFO - Processing file /opt/airflow/dags/src_to_postgres_dag.py for tasks to queue
[2023-08-24T03:02:03.748+0000] {logging_mixin.py:150} INFO - [2023-08-24T03:02:03.747+0000] {dagbag.py:541} INFO - Filling up the DagBag from /opt/airflow/dags/src_to_postgres_dag.py
[2023-08-24T03:02:03.776+0000] {processor.py:836} INFO - DAG(s) dict_keys(['LocalIngestionDag']) retrieved from /opt/airflow/dags/src_to_postgres_dag.py
[2023-08-24T03:02:03.821+0000] {logging_mixin.py:150} INFO - [2023-08-24T03:02:03.820+0000] {dag.py:2742} INFO - Sync 1 DAGs
[2023-08-24T03:02:03.864+0000] {logging_mixin.py:150} INFO - [2023-08-24T03:02:03.864+0000] {dag.py:3508} INFO - Setting next_dagrun for LocalIngestionDag to 2022-10-02T06:00:00+00:00, run_after=2022-11-02T06:00:00+00:00
[2023-08-24T03:02:03.897+0000] {processor.py:179} INFO - Processing /opt/airflow/dags/src_to_postgres_dag.py took 0.184 seconds
[2023-08-24T03:02:34.708+0000] {processor.py:157} INFO - Started process (PID=354) to work on /opt/airflow/dags/src_to_postgres_dag.py
[2023-08-24T03:02:34.712+0000] {processor.py:826} INFO - Processing file /opt/airflow/dags/src_to_postgres_dag.py for tasks to queue
[2023-08-24T03:02:34.720+0000] {logging_mixin.py:150} INFO - [2023-08-24T03:02:34.719+0000] {dagbag.py:541} INFO - Filling up the DagBag from /opt/airflow/dags/src_to_postgres_dag.py
[2023-08-24T03:02:34.770+0000] {processor.py:836} INFO - DAG(s) dict_keys(['LocalIngestionDag']) retrieved from /opt/airflow/dags/src_to_postgres_dag.py
[2023-08-24T03:02:34.861+0000] {logging_mixin.py:150} INFO - [2023-08-24T03:02:34.860+0000] {dag.py:2742} INFO - Sync 1 DAGs
[2023-08-24T03:02:34.948+0000] {logging_mixin.py:150} INFO - [2023-08-24T03:02:34.948+0000] {dag.py:3508} INFO - Setting next_dagrun for LocalIngestionDag to 2022-10-02T06:00:00+00:00, run_after=2022-11-02T06:00:00+00:00
[2023-08-24T03:02:35.024+0000] {processor.py:179} INFO - Processing /opt/airflow/dags/src_to_postgres_dag.py took 0.329 seconds
[2023-08-24T03:03:05.121+0000] {processor.py:157} INFO - Started process (PID=375) to work on /opt/airflow/dags/src_to_postgres_dag.py
[2023-08-24T03:03:05.124+0000] {processor.py:826} INFO - Processing file /opt/airflow/dags/src_to_postgres_dag.py for tasks to queue
[2023-08-24T03:03:05.129+0000] {logging_mixin.py:150} INFO - [2023-08-24T03:03:05.128+0000] {dagbag.py:541} INFO - Filling up the DagBag from /opt/airflow/dags/src_to_postgres_dag.py
[2023-08-24T03:03:05.158+0000] {processor.py:836} INFO - DAG(s) dict_keys(['LocalIngestionDag']) retrieved from /opt/airflow/dags/src_to_postgres_dag.py
[2023-08-24T03:03:05.202+0000] {logging_mixin.py:150} INFO - [2023-08-24T03:03:05.202+0000] {dag.py:2742} INFO - Sync 1 DAGs
[2023-08-24T03:03:05.249+0000] {logging_mixin.py:150} INFO - [2023-08-24T03:03:05.248+0000] {dag.py:3508} INFO - Setting next_dagrun for LocalIngestionDag to 2022-10-02T06:00:00+00:00, run_after=2022-11-02T06:00:00+00:00
[2023-08-24T03:03:05.280+0000] {processor.py:179} INFO - Processing /opt/airflow/dags/src_to_postgres_dag.py took 0.165 seconds
[2023-08-24T03:03:35.598+0000] {processor.py:157} INFO - Started process (PID=398) to work on /opt/airflow/dags/src_to_postgres_dag.py
[2023-08-24T03:03:35.601+0000] {processor.py:826} INFO - Processing file /opt/airflow/dags/src_to_postgres_dag.py for tasks to queue
[2023-08-24T03:03:35.607+0000] {logging_mixin.py:150} INFO - [2023-08-24T03:03:35.606+0000] {dagbag.py:541} INFO - Filling up the DagBag from /opt/airflow/dags/src_to_postgres_dag.py
[2023-08-24T03:03:35.632+0000] {processor.py:836} INFO - DAG(s) dict_keys(['LocalIngestionDag']) retrieved from /opt/airflow/dags/src_to_postgres_dag.py
[2023-08-24T03:03:35.678+0000] {logging_mixin.py:150} INFO - [2023-08-24T03:03:35.678+0000] {dag.py:2742} INFO - Sync 1 DAGs
[2023-08-24T03:03:35.725+0000] {logging_mixin.py:150} INFO - [2023-08-24T03:03:35.725+0000] {dag.py:3508} INFO - Setting next_dagrun for LocalIngestionDag to 2022-10-02T06:00:00+00:00, run_after=2022-11-02T06:00:00+00:00
[2023-08-24T03:03:35.759+0000] {processor.py:179} INFO - Processing /opt/airflow/dags/src_to_postgres_dag.py took 0.170 seconds
[2023-08-24T03:04:06.074+0000] {processor.py:157} INFO - Started process (PID=431) to work on /opt/airflow/dags/src_to_postgres_dag.py
[2023-08-24T03:04:06.075+0000] {processor.py:826} INFO - Processing file /opt/airflow/dags/src_to_postgres_dag.py for tasks to queue
[2023-08-24T03:04:06.079+0000] {logging_mixin.py:150} INFO - [2023-08-24T03:04:06.078+0000] {dagbag.py:541} INFO - Filling up the DagBag from /opt/airflow/dags/src_to_postgres_dag.py
[2023-08-24T03:04:06.102+0000] {processor.py:836} INFO - DAG(s) dict_keys(['LocalIngestionDag']) retrieved from /opt/airflow/dags/src_to_postgres_dag.py
[2023-08-24T03:04:06.156+0000] {logging_mixin.py:150} INFO - [2023-08-24T03:04:06.156+0000] {dag.py:2742} INFO - Sync 1 DAGs
[2023-08-24T03:04:06.203+0000] {logging_mixin.py:150} INFO - [2023-08-24T03:04:06.203+0000] {dag.py:3508} INFO - Setting next_dagrun for LocalIngestionDag to 2022-10-02T06:00:00+00:00, run_after=2022-11-02T06:00:00+00:00
[2023-08-24T03:04:06.234+0000] {processor.py:179} INFO - Processing /opt/airflow/dags/src_to_postgres_dag.py took 0.166 seconds
[2023-08-24T03:04:36.491+0000] {processor.py:157} INFO - Started process (PID=456) to work on /opt/airflow/dags/src_to_postgres_dag.py
[2023-08-24T03:04:36.494+0000] {processor.py:826} INFO - Processing file /opt/airflow/dags/src_to_postgres_dag.py for tasks to queue
[2023-08-24T03:04:36.498+0000] {logging_mixin.py:150} INFO - [2023-08-24T03:04:36.498+0000] {dagbag.py:541} INFO - Filling up the DagBag from /opt/airflow/dags/src_to_postgres_dag.py
[2023-08-24T03:04:36.521+0000] {processor.py:836} INFO - DAG(s) dict_keys(['LocalIngestionDag']) retrieved from /opt/airflow/dags/src_to_postgres_dag.py
[2023-08-24T03:04:36.566+0000] {logging_mixin.py:150} INFO - [2023-08-24T03:04:36.566+0000] {dag.py:2742} INFO - Sync 1 DAGs
[2023-08-24T03:04:36.612+0000] {logging_mixin.py:150} INFO - [2023-08-24T03:04:36.611+0000] {dag.py:3508} INFO - Setting next_dagrun for LocalIngestionDag to 2022-10-02T06:00:00+00:00, run_after=2022-11-02T06:00:00+00:00
[2023-08-24T03:04:36.643+0000] {processor.py:179} INFO - Processing /opt/airflow/dags/src_to_postgres_dag.py took 0.159 seconds
[2023-08-24T03:05:06.923+0000] {processor.py:157} INFO - Started process (PID=480) to work on /opt/airflow/dags/src_to_postgres_dag.py
[2023-08-24T03:05:06.926+0000] {processor.py:826} INFO - Processing file /opt/airflow/dags/src_to_postgres_dag.py for tasks to queue
[2023-08-24T03:05:06.932+0000] {logging_mixin.py:150} INFO - [2023-08-24T03:05:06.930+0000] {dagbag.py:541} INFO - Filling up the DagBag from /opt/airflow/dags/src_to_postgres_dag.py
[2023-08-24T03:05:06.957+0000] {processor.py:836} INFO - DAG(s) dict_keys(['LocalIngestionDag']) retrieved from /opt/airflow/dags/src_to_postgres_dag.py
[2023-08-24T03:05:07.013+0000] {logging_mixin.py:150} INFO - [2023-08-24T03:05:07.013+0000] {dag.py:2742} INFO - Sync 1 DAGs
[2023-08-24T03:05:07.064+0000] {logging_mixin.py:150} INFO - [2023-08-24T03:05:07.064+0000] {dag.py:3508} INFO - Setting next_dagrun for LocalIngestionDag to 2022-10-02T06:00:00+00:00, run_after=2022-11-02T06:00:00+00:00
[2023-08-24T03:05:07.097+0000] {processor.py:179} INFO - Processing /opt/airflow/dags/src_to_postgres_dag.py took 0.181 seconds
