[2023-08-24T02:58:29.818+0000] {processor.py:157} INFO - Started process (PID=172) to work on /opt/airflow/dags/src_to_gcs_dag.py
[2023-08-24T02:58:29.822+0000] {processor.py:826} INFO - Processing file /opt/airflow/dags/src_to_gcs_dag.py for tasks to queue
[2023-08-24T02:58:29.831+0000] {logging_mixin.py:150} INFO - [2023-08-24T02:58:29.830+0000] {dagbag.py:541} INFO - Filling up the DagBag from /opt/airflow/dags/src_to_gcs_dag.py
[2023-08-24T02:58:29.957+0000] {processor.py:836} INFO - DAG(s) dict_keys(['src_to_gcs_dag']) retrieved from /opt/airflow/dags/src_to_gcs_dag.py
[2023-08-24T02:58:30.242+0000] {logging_mixin.py:150} INFO - [2023-08-24T02:58:30.242+0000] {manager.py:504} INFO - Created Permission View: can read on DAG:src_to_gcs_dag
[2023-08-24T02:58:30.269+0000] {logging_mixin.py:150} INFO - [2023-08-24T02:58:30.269+0000] {manager.py:504} INFO - Created Permission View: can delete on DAG:src_to_gcs_dag
[2023-08-24T02:58:30.285+0000] {logging_mixin.py:150} INFO - [2023-08-24T02:58:30.284+0000] {manager.py:504} INFO - Created Permission View: can edit on DAG:src_to_gcs_dag
[2023-08-24T02:58:30.326+0000] {logging_mixin.py:150} INFO - [2023-08-24T02:58:30.326+0000] {dag.py:2742} INFO - Sync 1 DAGs
[2023-08-24T02:58:30.364+0000] {logging_mixin.py:150} INFO - [2023-08-24T02:58:30.363+0000] {dag.py:2763} INFO - Creating ORM DAG for src_to_gcs_dag
[2023-08-24T02:58:30.392+0000] {logging_mixin.py:150} INFO - [2023-08-24T02:58:30.392+0000] {dag.py:3508} INFO - Setting next_dagrun for src_to_gcs_dag to 2022-01-01T06:00:00+00:00, run_after=2022-02-01T06:00:00+00:00
[2023-08-24T02:58:30.444+0000] {processor.py:179} INFO - Processing /opt/airflow/dags/src_to_gcs_dag.py took 0.636 seconds
[2023-08-24T02:59:00.667+0000] {processor.py:157} INFO - Started process (PID=194) to work on /opt/airflow/dags/src_to_gcs_dag.py
[2023-08-24T02:59:00.668+0000] {processor.py:826} INFO - Processing file /opt/airflow/dags/src_to_gcs_dag.py for tasks to queue
[2023-08-24T02:59:00.674+0000] {logging_mixin.py:150} INFO - [2023-08-24T02:59:00.673+0000] {dagbag.py:541} INFO - Filling up the DagBag from /opt/airflow/dags/src_to_gcs_dag.py
[2023-08-24T02:59:00.740+0000] {processor.py:836} INFO - DAG(s) dict_keys(['src_to_gcs_dag']) retrieved from /opt/airflow/dags/src_to_gcs_dag.py
[2023-08-24T02:59:00.800+0000] {logging_mixin.py:150} INFO - [2023-08-24T02:59:00.800+0000] {dag.py:2742} INFO - Sync 1 DAGs
[2023-08-24T02:59:00.862+0000] {logging_mixin.py:150} INFO - [2023-08-24T02:59:00.861+0000] {dag.py:3508} INFO - Setting next_dagrun for src_to_gcs_dag to 2022-01-01T06:00:00+00:00, run_after=2022-02-01T06:00:00+00:00
[2023-08-24T02:59:00.905+0000] {processor.py:179} INFO - Processing /opt/airflow/dags/src_to_gcs_dag.py took 0.245 seconds
[2023-08-24T02:59:31.130+0000] {processor.py:157} INFO - Started process (PID=216) to work on /opt/airflow/dags/src_to_gcs_dag.py
[2023-08-24T02:59:31.152+0000] {processor.py:826} INFO - Processing file /opt/airflow/dags/src_to_gcs_dag.py for tasks to queue
[2023-08-24T02:59:31.156+0000] {logging_mixin.py:150} INFO - [2023-08-24T02:59:31.156+0000] {dagbag.py:541} INFO - Filling up the DagBag from /opt/airflow/dags/src_to_gcs_dag.py
[2023-08-24T02:59:31.200+0000] {processor.py:836} INFO - DAG(s) dict_keys(['src_to_gcs_dag']) retrieved from /opt/airflow/dags/src_to_gcs_dag.py
[2023-08-24T02:59:31.278+0000] {logging_mixin.py:150} INFO - [2023-08-24T02:59:31.278+0000] {dag.py:2742} INFO - Sync 1 DAGs
[2023-08-24T02:59:31.345+0000] {logging_mixin.py:150} INFO - [2023-08-24T02:59:31.345+0000] {dag.py:3508} INFO - Setting next_dagrun for src_to_gcs_dag to 2022-01-01T06:00:00+00:00, run_after=2022-02-01T06:00:00+00:00
[2023-08-24T02:59:31.385+0000] {processor.py:179} INFO - Processing /opt/airflow/dags/src_to_gcs_dag.py took 0.262 seconds
[2023-08-24T03:00:01.610+0000] {processor.py:157} INFO - Started process (PID=237) to work on /opt/airflow/dags/src_to_gcs_dag.py
[2023-08-24T03:00:01.613+0000] {processor.py:826} INFO - Processing file /opt/airflow/dags/src_to_gcs_dag.py for tasks to queue
[2023-08-24T03:00:01.617+0000] {logging_mixin.py:150} INFO - [2023-08-24T03:00:01.616+0000] {dagbag.py:541} INFO - Filling up the DagBag from /opt/airflow/dags/src_to_gcs_dag.py
[2023-08-24T03:00:01.664+0000] {processor.py:836} INFO - DAG(s) dict_keys(['src_to_gcs_dag']) retrieved from /opt/airflow/dags/src_to_gcs_dag.py
[2023-08-24T03:00:01.710+0000] {logging_mixin.py:150} INFO - [2023-08-24T03:00:01.710+0000] {dag.py:2742} INFO - Sync 1 DAGs
[2023-08-24T03:00:01.765+0000] {logging_mixin.py:150} INFO - [2023-08-24T03:00:01.765+0000] {dag.py:3508} INFO - Setting next_dagrun for src_to_gcs_dag to 2022-01-01T06:00:00+00:00, run_after=2022-02-01T06:00:00+00:00
[2023-08-24T03:00:01.802+0000] {processor.py:179} INFO - Processing /opt/airflow/dags/src_to_gcs_dag.py took 0.199 seconds
[2023-08-24T03:00:32.025+0000] {processor.py:157} INFO - Started process (PID=259) to work on /opt/airflow/dags/src_to_gcs_dag.py
[2023-08-24T03:00:32.046+0000] {processor.py:826} INFO - Processing file /opt/airflow/dags/src_to_gcs_dag.py for tasks to queue
[2023-08-24T03:00:32.051+0000] {logging_mixin.py:150} INFO - [2023-08-24T03:00:32.050+0000] {dagbag.py:541} INFO - Filling up the DagBag from /opt/airflow/dags/src_to_gcs_dag.py
[2023-08-24T03:00:32.111+0000] {processor.py:836} INFO - DAG(s) dict_keys(['src_to_gcs_dag']) retrieved from /opt/airflow/dags/src_to_gcs_dag.py
[2023-08-24T03:00:32.188+0000] {logging_mixin.py:150} INFO - [2023-08-24T03:00:32.187+0000] {dag.py:2742} INFO - Sync 1 DAGs
[2023-08-24T03:00:32.259+0000] {logging_mixin.py:150} INFO - [2023-08-24T03:00:32.258+0000] {dag.py:3508} INFO - Setting next_dagrun for src_to_gcs_dag to 2022-01-01T06:00:00+00:00, run_after=2022-02-01T06:00:00+00:00
[2023-08-24T03:00:32.298+0000] {processor.py:179} INFO - Processing /opt/airflow/dags/src_to_gcs_dag.py took 0.280 seconds
[2023-08-24T03:01:02.520+0000] {processor.py:157} INFO - Started process (PID=281) to work on /opt/airflow/dags/src_to_gcs_dag.py
[2023-08-24T03:01:02.542+0000] {processor.py:826} INFO - Processing file /opt/airflow/dags/src_to_gcs_dag.py for tasks to queue
[2023-08-24T03:01:02.548+0000] {logging_mixin.py:150} INFO - [2023-08-24T03:01:02.547+0000] {dagbag.py:541} INFO - Filling up the DagBag from /opt/airflow/dags/src_to_gcs_dag.py
[2023-08-24T03:01:02.609+0000] {processor.py:836} INFO - DAG(s) dict_keys(['src_to_gcs_dag']) retrieved from /opt/airflow/dags/src_to_gcs_dag.py
[2023-08-24T03:01:02.662+0000] {logging_mixin.py:150} INFO - [2023-08-24T03:01:02.662+0000] {dag.py:2742} INFO - Sync 1 DAGs
[2023-08-24T03:01:02.722+0000] {logging_mixin.py:150} INFO - [2023-08-24T03:01:02.721+0000] {dag.py:3508} INFO - Setting next_dagrun for src_to_gcs_dag to 2022-01-01T06:00:00+00:00, run_after=2022-02-01T06:00:00+00:00
[2023-08-24T03:01:02.765+0000] {processor.py:179} INFO - Processing /opt/airflow/dags/src_to_gcs_dag.py took 0.252 seconds
[2023-08-24T03:01:33.009+0000] {processor.py:157} INFO - Started process (PID=303) to work on /opt/airflow/dags/src_to_gcs_dag.py
[2023-08-24T03:01:33.027+0000] {processor.py:826} INFO - Processing file /opt/airflow/dags/src_to_gcs_dag.py for tasks to queue
[2023-08-24T03:01:33.032+0000] {logging_mixin.py:150} INFO - [2023-08-24T03:01:33.032+0000] {dagbag.py:541} INFO - Filling up the DagBag from /opt/airflow/dags/src_to_gcs_dag.py
[2023-08-24T03:01:33.089+0000] {processor.py:836} INFO - DAG(s) dict_keys(['src_to_gcs_dag']) retrieved from /opt/airflow/dags/src_to_gcs_dag.py
[2023-08-24T03:01:33.149+0000] {logging_mixin.py:150} INFO - [2023-08-24T03:01:33.148+0000] {dag.py:2742} INFO - Sync 1 DAGs
[2023-08-24T03:01:33.197+0000] {logging_mixin.py:150} INFO - [2023-08-24T03:01:33.197+0000] {dag.py:3508} INFO - Setting next_dagrun for src_to_gcs_dag to 2022-01-01T06:00:00+00:00, run_after=2022-02-01T06:00:00+00:00
[2023-08-24T03:01:33.241+0000] {processor.py:179} INFO - Processing /opt/airflow/dags/src_to_gcs_dag.py took 0.239 seconds
[2023-08-24T03:02:03.459+0000] {processor.py:157} INFO - Started process (PID=325) to work on /opt/airflow/dags/src_to_gcs_dag.py
[2023-08-24T03:02:03.483+0000] {processor.py:826} INFO - Processing file /opt/airflow/dags/src_to_gcs_dag.py for tasks to queue
[2023-08-24T03:02:03.487+0000] {logging_mixin.py:150} INFO - [2023-08-24T03:02:03.487+0000] {dagbag.py:541} INFO - Filling up the DagBag from /opt/airflow/dags/src_to_gcs_dag.py
[2023-08-24T03:02:03.549+0000] {processor.py:836} INFO - DAG(s) dict_keys(['src_to_gcs_dag']) retrieved from /opt/airflow/dags/src_to_gcs_dag.py
[2023-08-24T03:02:03.612+0000] {logging_mixin.py:150} INFO - [2023-08-24T03:02:03.611+0000] {dag.py:2742} INFO - Sync 1 DAGs
[2023-08-24T03:02:03.668+0000] {logging_mixin.py:150} INFO - [2023-08-24T03:02:03.667+0000] {dag.py:3508} INFO - Setting next_dagrun for src_to_gcs_dag to 2022-01-01T06:00:00+00:00, run_after=2022-02-01T06:00:00+00:00
[2023-08-24T03:02:03.705+0000] {processor.py:179} INFO - Processing /opt/airflow/dags/src_to_gcs_dag.py took 0.253 seconds
[2023-08-24T03:02:34.046+0000] {processor.py:157} INFO - Started process (PID=347) to work on /opt/airflow/dags/src_to_gcs_dag.py
[2023-08-24T03:02:34.050+0000] {processor.py:826} INFO - Processing file /opt/airflow/dags/src_to_gcs_dag.py for tasks to queue
[2023-08-24T03:02:34.059+0000] {logging_mixin.py:150} INFO - [2023-08-24T03:02:34.058+0000] {dagbag.py:541} INFO - Filling up the DagBag from /opt/airflow/dags/src_to_gcs_dag.py
[2023-08-24T03:02:34.225+0000] {processor.py:836} INFO - DAG(s) dict_keys(['src_to_gcs_dag']) retrieved from /opt/airflow/dags/src_to_gcs_dag.py
[2023-08-24T03:02:34.352+0000] {logging_mixin.py:150} INFO - [2023-08-24T03:02:34.352+0000] {dag.py:2742} INFO - Sync 1 DAGs
[2023-08-24T03:02:34.512+0000] {logging_mixin.py:150} INFO - [2023-08-24T03:02:34.511+0000] {dag.py:3508} INFO - Setting next_dagrun for src_to_gcs_dag to 2022-01-01T06:00:00+00:00, run_after=2022-02-01T06:00:00+00:00
[2023-08-24T03:02:34.601+0000] {processor.py:179} INFO - Processing /opt/airflow/dags/src_to_gcs_dag.py took 0.574 seconds
[2023-08-24T03:03:04.879+0000] {processor.py:157} INFO - Started process (PID=370) to work on /opt/airflow/dags/src_to_gcs_dag.py
[2023-08-24T03:03:04.882+0000] {processor.py:826} INFO - Processing file /opt/airflow/dags/src_to_gcs_dag.py for tasks to queue
[2023-08-24T03:03:04.889+0000] {logging_mixin.py:150} INFO - [2023-08-24T03:03:04.888+0000] {dagbag.py:541} INFO - Filling up the DagBag from /opt/airflow/dags/src_to_gcs_dag.py
[2023-08-24T03:03:04.961+0000] {processor.py:836} INFO - DAG(s) dict_keys(['src_to_gcs_dag']) retrieved from /opt/airflow/dags/src_to_gcs_dag.py
[2023-08-24T03:03:05.029+0000] {logging_mixin.py:150} INFO - [2023-08-24T03:03:05.029+0000] {dag.py:2742} INFO - Sync 1 DAGs
[2023-08-24T03:03:05.091+0000] {logging_mixin.py:150} INFO - [2023-08-24T03:03:05.091+0000] {dag.py:3508} INFO - Setting next_dagrun for src_to_gcs_dag to 2022-01-01T06:00:00+00:00, run_after=2022-02-01T06:00:00+00:00
[2023-08-24T03:03:05.124+0000] {processor.py:179} INFO - Processing /opt/airflow/dags/src_to_gcs_dag.py took 0.256 seconds
[2023-08-24T03:03:35.365+0000] {processor.py:157} INFO - Started process (PID=393) to work on /opt/airflow/dags/src_to_gcs_dag.py
[2023-08-24T03:03:35.367+0000] {processor.py:826} INFO - Processing file /opt/airflow/dags/src_to_gcs_dag.py for tasks to queue
[2023-08-24T03:03:35.371+0000] {logging_mixin.py:150} INFO - [2023-08-24T03:03:35.370+0000] {dagbag.py:541} INFO - Filling up the DagBag from /opt/airflow/dags/src_to_gcs_dag.py
[2023-08-24T03:03:35.430+0000] {processor.py:836} INFO - DAG(s) dict_keys(['src_to_gcs_dag']) retrieved from /opt/airflow/dags/src_to_gcs_dag.py
[2023-08-24T03:03:35.489+0000] {logging_mixin.py:150} INFO - [2023-08-24T03:03:35.489+0000] {dag.py:2742} INFO - Sync 1 DAGs
[2023-08-24T03:03:35.557+0000] {logging_mixin.py:150} INFO - [2023-08-24T03:03:35.557+0000] {dag.py:3508} INFO - Setting next_dagrun for src_to_gcs_dag to 2022-01-01T06:00:00+00:00, run_after=2022-02-01T06:00:00+00:00
[2023-08-24T03:03:35.594+0000] {processor.py:179} INFO - Processing /opt/airflow/dags/src_to_gcs_dag.py took 0.236 seconds
[2023-08-24T03:04:05.824+0000] {processor.py:157} INFO - Started process (PID=424) to work on /opt/airflow/dags/src_to_gcs_dag.py
[2023-08-24T03:04:05.825+0000] {processor.py:826} INFO - Processing file /opt/airflow/dags/src_to_gcs_dag.py for tasks to queue
[2023-08-24T03:04:05.830+0000] {logging_mixin.py:150} INFO - [2023-08-24T03:04:05.829+0000] {dagbag.py:541} INFO - Filling up the DagBag from /opt/airflow/dags/src_to_gcs_dag.py
[2023-08-24T03:04:05.877+0000] {processor.py:836} INFO - DAG(s) dict_keys(['src_to_gcs_dag']) retrieved from /opt/airflow/dags/src_to_gcs_dag.py
[2023-08-24T03:04:05.930+0000] {logging_mixin.py:150} INFO - [2023-08-24T03:04:05.929+0000] {dag.py:2742} INFO - Sync 1 DAGs
[2023-08-24T03:04:05.986+0000] {logging_mixin.py:150} INFO - [2023-08-24T03:04:05.986+0000] {dag.py:3508} INFO - Setting next_dagrun for src_to_gcs_dag to 2022-01-01T06:00:00+00:00, run_after=2022-02-01T06:00:00+00:00
[2023-08-24T03:04:06.027+0000] {processor.py:179} INFO - Processing /opt/airflow/dags/src_to_gcs_dag.py took 0.210 seconds
[2023-08-24T03:04:36.256+0000] {processor.py:157} INFO - Started process (PID=449) to work on /opt/airflow/dags/src_to_gcs_dag.py
[2023-08-24T03:04:36.270+0000] {processor.py:826} INFO - Processing file /opt/airflow/dags/src_to_gcs_dag.py for tasks to queue
[2023-08-24T03:04:36.274+0000] {logging_mixin.py:150} INFO - [2023-08-24T03:04:36.274+0000] {dagbag.py:541} INFO - Filling up the DagBag from /opt/airflow/dags/src_to_gcs_dag.py
[2023-08-24T03:04:36.322+0000] {processor.py:836} INFO - DAG(s) dict_keys(['src_to_gcs_dag']) retrieved from /opt/airflow/dags/src_to_gcs_dag.py
[2023-08-24T03:04:36.369+0000] {logging_mixin.py:150} INFO - [2023-08-24T03:04:36.369+0000] {dag.py:2742} INFO - Sync 1 DAGs
[2023-08-24T03:04:36.421+0000] {logging_mixin.py:150} INFO - [2023-08-24T03:04:36.421+0000] {dag.py:3508} INFO - Setting next_dagrun for src_to_gcs_dag to 2022-01-01T06:00:00+00:00, run_after=2022-02-01T06:00:00+00:00
[2023-08-24T03:04:36.460+0000] {processor.py:179} INFO - Processing /opt/airflow/dags/src_to_gcs_dag.py took 0.211 seconds
[2023-08-24T03:05:06.685+0000] {processor.py:157} INFO - Started process (PID=475) to work on /opt/airflow/dags/src_to_gcs_dag.py
[2023-08-24T03:05:06.760+0000] {processor.py:826} INFO - Processing file /opt/airflow/dags/src_to_gcs_dag.py for tasks to queue
[2023-08-24T03:05:06.764+0000] {logging_mixin.py:150} INFO - [2023-08-24T03:05:06.764+0000] {dagbag.py:541} INFO - Filling up the DagBag from /opt/airflow/dags/src_to_gcs_dag.py
[2023-08-24T03:05:06.816+0000] {processor.py:836} INFO - DAG(s) dict_keys(['src_to_gcs_dag']) retrieved from /opt/airflow/dags/src_to_gcs_dag.py
[2023-08-24T03:05:06.867+0000] {logging_mixin.py:150} INFO - [2023-08-24T03:05:06.866+0000] {dag.py:2742} INFO - Sync 1 DAGs
[2023-08-24T03:05:06.928+0000] {logging_mixin.py:150} INFO - [2023-08-24T03:05:06.928+0000] {dag.py:3508} INFO - Setting next_dagrun for src_to_gcs_dag to 2022-01-01T06:00:00+00:00, run_after=2022-02-01T06:00:00+00:00
[2023-08-24T03:05:06.964+0000] {processor.py:179} INFO - Processing /opt/airflow/dags/src_to_gcs_dag.py took 0.286 seconds
